<!DOCTYPE html PUBLIC "-//W3C//DTD XHTML 1.1//EN" "https://www.w3.org/TR/xhtml11/DTD/xhtml11.dtd">
<html xmlns="https://www.w3.org/1999/xhtml">
<head>
<meta http-equiv="content-type" content="text/html; charset=UTF-8"/>
<title>TestNG Report</title>
<style type="text/css">table {margin-bottom:10px;border-collapse:collapse;empty-cells:show}th,td {border:1px solid #009;padding:.25em .5em}th {vertical-align:bottom}td {vertical-align:top}table a {font-weight:bold}.stripe td {background-color: #E6EBF9}.num {text-align:right}.passedodd td {background-color: #3F3}.passedeven td {background-color: #0A0}.skippedodd td {background-color: #DDD}.skippedeven td {background-color: #CCC}.failedodd td,.attn {background-color: #F33}.failedeven td,.stripe .attn {background-color: #D00}.stacktrace {white-space:pre;font-family:monospace}.totop {font-size:85%;text-align:center;border-bottom:2px solid #000}.invisible {display:none}</style>
</head>
<body>
<table>
<tr><th>Test</th><th># Passed</th><th># Skipped</th><th># Retried</th><th># Failed</th><th>Time (ms)</th><th>Included Groups</th><th>Excluded Groups</th></tr>
<tr><th colspan="8">Command line suite</th></tr>
<tr><td><a href="#t0">Command line test</a></td><td class="num">0</td><td class="num">0</td><td class="num">0</td><td class="num attn">89</td><td class="num">376</td><td></td><td></td></tr>
</table>
<table id='summary'><thead><tr><th>Class</th><th>Method</th><th>Start</th><th>Time (ms)</th></tr></thead><tbody><tr><th colspan="4">Command line suite</th></tr></tbody><tbody id="t0"><tr><th colspan="4">Command line test &#8212; failed</th></tr><tr class="failedeven"><td rowspan="2">Test.TestCase1</td><td><a href="#m0">regression</a></td><td rowspan="1">1732601787487</td><td rowspan="1">24</td></tr><tr class="failedeven"><td><a href="#m1">setBrowserConfig</a></td><td rowspan="1">1732601787455</td><td rowspan="1">0</td></tr><tr class="failedodd"><td rowspan="3">Test.TestCase10</td><td><a href="#m2">logout</a></td><td rowspan="1">1732601787518</td><td rowspan="1">0</td></tr><tr class="failedodd"><td><a href="#m3">regression</a></td><td rowspan="1">1732601787518</td><td rowspan="1">0</td></tr><tr class="failedodd"><td><a href="#m4">setBrowserConfig</a></td><td rowspan="1">1732601787518</td><td rowspan="1">0</td></tr><tr class="failedeven"><td rowspan="3">Test.TestCase11</td><td><a href="#m5">logout</a></td><td rowspan="1">1732601787534</td><td rowspan="1">0</td></tr><tr class="failedeven"><td><a href="#m6">regression</a></td><td rowspan="1">1732601787534</td><td rowspan="1">0</td></tr><tr class="failedeven"><td><a href="#m7">setBrowserConfig</a></td><td rowspan="1">1732601787518</td><td rowspan="1">0</td></tr><tr class="failedodd"><td rowspan="3">Test.TestCase12</td><td><a href="#m8">logout</a></td><td rowspan="1">1732601787534</td><td rowspan="1">0</td></tr><tr class="failedodd"><td><a href="#m9">regression</a></td><td rowspan="1">1732601787534</td><td rowspan="1">0</td></tr><tr class="failedodd"><td><a href="#m10">setBrowserConfig</a></td><td rowspan="1">1732601787534</td><td rowspan="1">0</td></tr><tr class="failedeven"><td rowspan="3">Test.TestCase13</td><td><a href="#m11">logout</a></td><td rowspan="1">1732601787549</td><td rowspan="1">0</td></tr><tr class="failedeven"><td><a href="#m12">regression</a></td><td rowspan="1">1732601787549</td><td rowspan="1">0</td></tr><tr class="failedeven"><td><a href="#m13">setBrowserConfig</a></td><td rowspan="1">1732601787534</td><td rowspan="1">0</td></tr><tr class="failedodd"><td rowspan="5">Test.TestCase14</td><td><a href="#m14">functional1</a></td><td rowspan="1">1732601787549</td><td rowspan="1">0</td></tr><tr class="failedodd"><td><a href="#m15">functional2</a></td><td rowspan="1">1732601787549</td><td rowspan="1">0</td></tr><tr class="failedodd"><td><a href="#m16">functional3</a></td><td rowspan="1">1732601787549</td><td rowspan="1">0</td></tr><tr class="failedodd"><td><a href="#m17">logout</a></td><td rowspan="1">1732601787565</td><td rowspan="1">0</td></tr><tr class="failedodd"><td><a href="#m18">setBrowserConfig</a></td><td rowspan="1">1732601787549</td><td rowspan="1">0</td></tr><tr class="failedeven"><td rowspan="5">Test.TestCase15</td><td><a href="#m19">SignUp</a></td><td rowspan="1">1732601787565</td><td rowspan="1">0</td></tr><tr class="failedeven"><td><a href="#m20">functional</a></td><td rowspan="1">1732601787565</td><td rowspan="1">16</td></tr><tr class="failedeven"><td><a href="#m21">functional2</a></td><td rowspan="1">1732601787581</td><td rowspan="1">0</td></tr><tr class="failedeven"><td><a href="#m22">logout</a></td><td rowspan="1">1732601787581</td><td rowspan="1">0</td></tr><tr class="failedeven"><td><a href="#m23">setBrowserConfig</a></td><td rowspan="1">1732601787565</td><td rowspan="1">0</td></tr><tr class="failedodd"><td rowspan="5">Test.TestCase16</td><td><a href="#m24">SignUp</a></td><td rowspan="1">1732601787581</td><td rowspan="1">0</td></tr><tr class="failedodd"><td><a href="#m25">functional</a></td><td rowspan="1">1732601787581</td><td rowspan="1">0</td></tr><tr class="failedodd"><td><a href="#m26">functional2</a></td><td rowspan="1">1732601787596</td><td rowspan="1">0</td></tr><tr class="failedodd"><td><a href="#m27">logout</a></td><td rowspan="1">1732601787596</td><td rowspan="1">0</td></tr><tr class="failedodd"><td><a href="#m28">setBrowserConfig</a></td><td rowspan="1">1732601787581</td><td rowspan="1">0</td></tr><tr class="failedeven"><td rowspan="4">Test.TestCase17</td><td><a href="#m29">SignUp</a></td><td rowspan="1">1732601787596</td><td rowspan="1">0</td></tr><tr class="failedeven"><td><a href="#m30">logout</a></td><td rowspan="1">1732601787596</td><td rowspan="1">0</td></tr><tr class="failedeven"><td><a href="#m31">regression</a></td><td rowspan="1">1732601787596</td><td rowspan="1">0</td></tr><tr class="failedeven"><td><a href="#m32">setBrowserConfig</a></td><td rowspan="1">1732601787596</td><td rowspan="1">0</td></tr><tr class="failedodd"><td rowspan="4">Test.TestCase18</td><td><a href="#m33">SignUp</a></td><td rowspan="1">1732601787612</td><td rowspan="1">0</td></tr><tr class="failedodd"><td><a href="#m34">logout</a></td><td rowspan="1">1732601787612</td><td rowspan="1">0</td></tr><tr class="failedodd"><td><a href="#m35">regression</a></td><td rowspan="1">1732601787612</td><td rowspan="1">0</td></tr><tr class="failedodd"><td><a href="#m36">setBrowserConfig</a></td><td rowspan="1">1732601787596</td><td rowspan="1">0</td></tr><tr class="failedeven"><td rowspan="3">Test.TestCase19</td><td><a href="#m37">logout</a></td><td rowspan="1">1732601787612</td><td rowspan="1">0</td></tr><tr class="failedeven"><td><a href="#m38">regression</a></td><td rowspan="1">1732601787612</td><td rowspan="1">0</td></tr><tr class="failedeven"><td><a href="#m39">setBrowserConfig</a></td><td rowspan="1">1732601787612</td><td rowspan="1">0</td></tr><tr class="failedodd"><td rowspan="3">Test.TestCase2</td><td><a href="#m40">logout</a></td><td rowspan="1">1732601787628</td><td rowspan="1">0</td></tr><tr class="failedodd"><td><a href="#m41">regression</a></td><td rowspan="1">1732601787628</td><td rowspan="1">0</td></tr><tr class="failedodd"><td><a href="#m42">setBrowserConfig</a></td><td rowspan="1">1732601787612</td><td rowspan="1">0</td></tr><tr class="failedeven"><td rowspan="4">Test.TestCase20</td><td><a href="#m43">logout</a></td><td rowspan="1">1732601787628</td><td rowspan="1">0</td></tr><tr class="failedeven"><td><a href="#m44">regression</a></td><td rowspan="1">1732601787628</td><td rowspan="1">0</td></tr><tr class="failedeven"><td><a href="#m45">regression1</a></td><td rowspan="1">1732601787628</td><td rowspan="1">0</td></tr><tr class="failedeven"><td><a href="#m46">setBrowserConfig</a></td><td rowspan="1">1732601787628</td><td rowspan="1">0</td></tr><tr class="failedodd"><td rowspan="3">Test.TestCase21</td><td><a href="#m47">logout</a></td><td rowspan="1">1732601787644</td><td rowspan="1">0</td></tr><tr class="failedodd"><td><a href="#m48">regression</a></td><td rowspan="1">1732601787628</td><td rowspan="1">0</td></tr><tr class="failedodd"><td><a href="#m49">setBrowserConfig</a></td><td rowspan="1">1732601787628</td><td rowspan="1">0</td></tr><tr class="failedeven"><td rowspan="3">Test.TestCase22</td><td><a href="#m50">logout</a></td><td rowspan="1">1732601787644</td><td rowspan="1">0</td></tr><tr class="failedeven"><td><a href="#m51">regression</a></td><td rowspan="1">1732601787644</td><td rowspan="1">0</td></tr><tr class="failedeven"><td><a href="#m52">setBrowserConfig</a></td><td rowspan="1">1732601787644</td><td rowspan="1">0</td></tr><tr class="failedodd"><td rowspan="6">Test.TestCase24</td><td><a href="#m53">logout</a></td><td rowspan="1">1732601787691</td><td rowspan="1">0</td></tr><tr class="failedodd"><td><a href="#m54">regression</a></td><td rowspan="1">1732601787644</td><td rowspan="1">0</td></tr><tr class="failedodd"><td><a href="#m55">regression1</a></td><td rowspan="1">1732601787644</td><td rowspan="1">0</td></tr><tr class="failedodd"><td><a href="#m56">regression2</a></td><td rowspan="1">1732601787644</td><td rowspan="1">31</td></tr><tr class="failedodd"><td><a href="#m57">regression3</a></td><td rowspan="1">1732601787691</td><td rowspan="1">0</td></tr><tr class="failedodd"><td><a href="#m58">setBrowserConfig</a></td><td rowspan="1">1732601787644</td><td rowspan="1">0</td></tr><tr class="failedeven"><td rowspan="3">Test.TestCase25</td><td><a href="#m59">logout</a></td><td rowspan="1">1732601787691</td><td rowspan="1">0</td></tr><tr class="failedeven"><td><a href="#m60">regression</a></td><td rowspan="1">1732601787691</td><td rowspan="1">0</td></tr><tr class="failedeven"><td><a href="#m61">setBrowserConfig</a></td><td rowspan="1">1732601787691</td><td rowspan="1">0</td></tr><tr class="failedodd"><td rowspan="3">Test.TestCase26</td><td><a href="#m62">logout</a></td><td rowspan="1">1732601787706</td><td rowspan="1">0</td></tr><tr class="failedodd"><td><a href="#m63">regression</a></td><td rowspan="1">1732601787691</td><td rowspan="1">0</td></tr><tr class="failedodd"><td><a href="#m64">setBrowserConfig</a></td><td rowspan="1">1732601787691</td><td rowspan="1">0</td></tr><tr class="failedeven"><td rowspan="3">Test.TestCase27</td><td><a href="#m65">logout</a></td><td rowspan="1">1732601787712</td><td rowspan="1">0</td></tr><tr class="failedeven"><td><a href="#m66">regression</a></td><td rowspan="1">1732601787706</td><td rowspan="1">6</td></tr><tr class="failedeven"><td><a href="#m67">setBrowserConfig</a></td><td rowspan="1">1732601787706</td><td rowspan="1">0</td></tr><tr class="failedodd"><td rowspan="3">Test.TestCase3</td><td><a href="#m68">logout</a></td><td rowspan="1">1732601787712</td><td rowspan="1">0</td></tr><tr class="failedodd"><td><a href="#m69">regression</a></td><td rowspan="1">1732601787712</td><td rowspan="1">0</td></tr><tr class="failedodd"><td><a href="#m70">setBrowserConfig</a></td><td rowspan="1">1732601787712</td><td rowspan="1">0</td></tr><tr class="failedeven"><td rowspan="3">Test.TestCase4</td><td><a href="#m71">logout</a></td><td rowspan="1">1732601787722</td><td rowspan="1">0</td></tr><tr class="failedeven"><td><a href="#m72">regression</a></td><td rowspan="1">1732601787722</td><td rowspan="1">0</td></tr><tr class="failedeven"><td><a href="#m73">setBrowserConfig</a></td><td rowspan="1">1732601787712</td><td rowspan="1">0</td></tr><tr class="failedodd"><td rowspan="3">Test.TestCase5</td><td><a href="#m74">logout</a></td><td rowspan="1">1732601787722</td><td rowspan="1">0</td></tr><tr class="failedodd"><td><a href="#m75">regression</a></td><td rowspan="1">1732601787722</td><td rowspan="1">0</td></tr><tr class="failedodd"><td><a href="#m76">setBrowserConfig</a></td><td rowspan="1">1732601787722</td><td rowspan="1">0</td></tr><tr class="failedeven"><td rowspan="3">Test.TestCase6</td><td><a href="#m77">logout</a></td><td rowspan="1">1732601787722</td><td rowspan="1">0</td></tr><tr class="failedeven"><td><a href="#m78">regression</a></td><td rowspan="1">1732601787722</td><td rowspan="1">0</td></tr><tr class="failedeven"><td><a href="#m79">setBrowserConfig</a></td><td rowspan="1">1732601787722</td><td rowspan="1">0</td></tr><tr class="failedodd"><td rowspan="3">Test.TestCase7</td><td><a href="#m80">logout</a></td><td rowspan="1">1732601787738</td><td rowspan="1">0</td></tr><tr class="failedodd"><td><a href="#m81">regression</a></td><td rowspan="1">1732601787738</td><td rowspan="1">0</td></tr><tr class="failedodd"><td><a href="#m82">setBrowserConfig</a></td><td rowspan="1">1732601787738</td><td rowspan="1">0</td></tr><tr class="failedeven"><td rowspan="3">Test.TestCase8</td><td><a href="#m83">logout</a></td><td rowspan="1">1732601787738</td><td rowspan="1">0</td></tr><tr class="failedeven"><td><a href="#m84">regression</a></td><td rowspan="1">1732601787738</td><td rowspan="1">0</td></tr><tr class="failedeven"><td><a href="#m85">setBrowserConfig</a></td><td rowspan="1">1732601787738</td><td rowspan="1">0</td></tr><tr class="failedodd"><td rowspan="3">Test.TestCase9</td><td><a href="#m86">logout</a></td><td rowspan="1">1732601787738</td><td rowspan="1">15</td></tr><tr class="failedodd"><td><a href="#m87">regression</a></td><td rowspan="1">1732601787738</td><td rowspan="1">0</td></tr><tr class="failedodd"><td><a href="#m88">setBrowserConfig</a></td><td rowspan="1">1732601787738</td><td rowspan="1">0</td></tr></tbody>
</table>
<h2>Command line test</h2><h3 id="m0">Test.TestCase1#regression</h3><table class="result"><tr><th>Exception</th></tr><tr><td><div class="stacktrace">java.lang.NullPointerException: Cannot invoke &quot;org.openqa.selenium.WebDriver.getTitle()&quot; because &quot;this.driver&quot; is null
	at Pages.Login.verifyHomePage(Login.java:118)
	at Test.TestCase1.regression(TestCase1.java:77)
	at java.base/java.util.ArrayList.forEach(ArrayList.java:1511)
... Removed 37 stack frames</div></td></tr></table><p class="totop"><a href="#summary">back to summary</a></p>
<h3 id="m1">Test.TestCase1#setBrowserConfig</h3><table class="result"><tr><th>Exception</th></tr><tr><td><div class="stacktrace">org.testng.TestNGException: 
Parameter &apos;browser&apos; is required by @Test on method setBrowserConfig but has not been marked @Optional or defined

	at java.base/java.util.ArrayList.forEach(ArrayList.java:1511)
... Removed 36 stack frames</div></td></tr></table><p class="totop"><a href="#summary">back to summary</a></p>
<h3 id="m2">Test.TestCase10#logout</h3><table class="result"><tr><th>Exception</th></tr><tr><td><div class="stacktrace">java.lang.NullPointerException: Cannot invoke &quot;org.openqa.selenium.WebDriver.close()&quot; because &quot;this.driver&quot; is null
	at Test.TestCase10.logout(TestCase10.java:78)
	at java.base/java.util.ArrayList.forEach(ArrayList.java:1511)
... Removed 37 stack frames</div></td></tr></table><p class="totop"><a href="#summary">back to summary</a></p>
<h3 id="m3">Test.TestCase10#regression</h3><table class="result"><tr><th>Exception</th></tr><tr><td><div class="stacktrace">java.lang.NullPointerException: Cannot invoke &quot;org.openqa.selenium.WebDriver.getTitle()&quot; because &quot;this.driver&quot; is null
	at Pages.Login.verifyHomePage(Login.java:118)
	at Test.TestCase10.regression(TestCase10.java:67)
	at java.base/java.util.ArrayList.forEach(ArrayList.java:1511)
... Removed 37 stack frames</div></td></tr></table><p class="totop"><a href="#summary">back to summary</a></p>
<h3 id="m4">Test.TestCase10#setBrowserConfig</h3><table class="result"><tr><th>Exception</th></tr><tr><td><div class="stacktrace">org.testng.TestNGException: 
Parameter &apos;browser&apos; is required by @Test on method setBrowserConfig but has not been marked @Optional or defined

	at java.base/java.util.ArrayList.forEach(ArrayList.java:1511)
... Removed 36 stack frames</div></td></tr></table><p class="totop"><a href="#summary">back to summary</a></p>
<h3 id="m5">Test.TestCase11#logout</h3><table class="result"><tr><th>Exception</th></tr><tr><td><div class="stacktrace">java.lang.NullPointerException: Cannot invoke &quot;org.openqa.selenium.WebDriver.close()&quot; because &quot;this.driver&quot; is null
	at Test.TestCase11.logout(TestCase11.java:83)
	at java.base/java.util.ArrayList.forEach(ArrayList.java:1511)
... Removed 37 stack frames</div></td></tr></table><p class="totop"><a href="#summary">back to summary</a></p>
<h3 id="m6">Test.TestCase11#regression</h3><table class="result"><tr><th>Exception</th></tr><tr><td><div class="stacktrace">java.lang.NullPointerException: Cannot invoke &quot;org.openqa.selenium.WebDriver.getTitle()&quot; because &quot;this.driver&quot; is null
	at Pages.Login.verifyHomePage(Login.java:118)
	at Test.TestCase11.regression(TestCase11.java:68)
	at java.base/java.util.ArrayList.forEach(ArrayList.java:1511)
... Removed 37 stack frames</div></td></tr></table><p class="totop"><a href="#summary">back to summary</a></p>
<h3 id="m7">Test.TestCase11#setBrowserConfig</h3><table class="result"><tr><th>Exception</th></tr><tr><td><div class="stacktrace">org.testng.TestNGException: 
Parameter &apos;browser&apos; is required by @Test on method setBrowserConfig but has not been marked @Optional or defined

	at java.base/java.util.ArrayList.forEach(ArrayList.java:1511)
... Removed 36 stack frames</div></td></tr></table><p class="totop"><a href="#summary">back to summary</a></p>
<h3 id="m8">Test.TestCase12#logout</h3><table class="result"><tr><th>Exception</th></tr><tr><td><div class="stacktrace">java.lang.NullPointerException: Cannot invoke &quot;org.openqa.selenium.WebDriver.quit()&quot; because &quot;this.driver&quot; is null
	at Test.TestCase12.logout(TestCase12.java:83)
	at java.base/java.util.ArrayList.forEach(ArrayList.java:1511)
... Removed 37 stack frames</div></td></tr></table><p class="totop"><a href="#summary">back to summary</a></p>
<h3 id="m9">Test.TestCase12#regression</h3><table class="result"><tr><th>Exception</th></tr><tr><td><div class="stacktrace">java.lang.NullPointerException: Cannot invoke &quot;org.openqa.selenium.WebDriver.getTitle()&quot; because &quot;this.driver&quot; is null
	at Pages.Login.verifyHomePage(Login.java:118)
	at Test.TestCase12.regression(TestCase12.java:68)
	at java.base/java.util.ArrayList.forEach(ArrayList.java:1511)
... Removed 37 stack frames</div></td></tr></table><p class="totop"><a href="#summary">back to summary</a></p>
<h3 id="m10">Test.TestCase12#setBrowserConfig</h3><table class="result"><tr><th>Exception</th></tr><tr><td><div class="stacktrace">org.testng.TestNGException: 
Parameter &apos;browser&apos; is required by @Test on method setBrowserConfig but has not been marked @Optional or defined

	at java.base/java.util.ArrayList.forEach(ArrayList.java:1511)
... Removed 36 stack frames</div></td></tr></table><p class="totop"><a href="#summary">back to summary</a></p>
<h3 id="m11">Test.TestCase13#logout</h3><table class="result"><tr><th>Exception</th></tr><tr><td><div class="stacktrace">java.lang.NullPointerException: Cannot invoke &quot;org.openqa.selenium.WebDriver.quit()&quot; because &quot;this.driver&quot; is null
	at Test.TestCase13.logout(TestCase13.java:82)
	at java.base/java.util.ArrayList.forEach(ArrayList.java:1511)
... Removed 37 stack frames</div></td></tr></table><p class="totop"><a href="#summary">back to summary</a></p>
<h3 id="m12">Test.TestCase13#regression</h3><table class="result"><tr><th>Exception</th></tr><tr><td><div class="stacktrace">java.lang.NullPointerException: Cannot invoke &quot;org.openqa.selenium.WebDriver.getTitle()&quot; because &quot;this.driver&quot; is null
	at Pages.Login.verifyHomePage(Login.java:118)
	at Test.TestCase13.regression(TestCase13.java:67)
	at java.base/java.util.ArrayList.forEach(ArrayList.java:1511)
... Removed 37 stack frames</div></td></tr></table><p class="totop"><a href="#summary">back to summary</a></p>
<h3 id="m13">Test.TestCase13#setBrowserConfig</h3><table class="result"><tr><th>Exception</th></tr><tr><td><div class="stacktrace">org.testng.TestNGException: 
Parameter &apos;browser&apos; is required by @Test on method setBrowserConfig but has not been marked @Optional or defined

	at java.base/java.util.ArrayList.forEach(ArrayList.java:1511)
... Removed 36 stack frames</div></td></tr></table><p class="totop"><a href="#summary">back to summary</a></p>
<h3 id="m14">Test.TestCase14#functional1</h3><table class="result"><tr><th>Exception</th></tr><tr><td><div class="stacktrace">java.lang.NullPointerException: Cannot invoke &quot;org.openqa.selenium.WebDriver.getTitle()&quot; because &quot;this.driver&quot; is null
	at Pages.Login.verifyHomePage(Login.java:118)
	at Test.TestCase14.functional1(TestCase14.java:70)
	at java.base/java.util.ArrayList.forEach(ArrayList.java:1511)
... Removed 37 stack frames</div></td></tr></table><p class="totop"><a href="#summary">back to summary</a></p>
<h3 id="m15">Test.TestCase14#functional2</h3><table class="result"><tr><th>Exception</th></tr><tr><td><div class="stacktrace">java.lang.NullPointerException: Cannot invoke &quot;org.openqa.selenium.WebDriver.findElement(org.openqa.selenium.By)&quot; because &quot;this.driver&quot; is null
	at Pages.Login.clickOnSignIn(Login.java:131)
	at Test.TestCase14.functional2(TestCase14.java:88)
	at java.base/java.util.ArrayList.forEach(ArrayList.java:1511)
... Removed 37 stack frames</div></td></tr></table><p class="totop"><a href="#summary">back to summary</a></p>
<h3 id="m16">Test.TestCase14#functional3</h3><table class="result"><tr><th>Exception</th></tr><tr><td><div class="stacktrace">java.lang.NullPointerException: Cannot invoke &quot;org.openqa.selenium.WebDriver.findElement(org.openqa.selenium.By)&quot; because &quot;this.driver&quot; is null
	at Pages.Dashboard6.enterPaymentCardName(Dashboard6.java:72)
	at Test.TestCase14.functional3(TestCase14.java:127)
	at java.base/java.util.ArrayList.forEach(ArrayList.java:1511)
... Removed 37 stack frames</div></td></tr></table><p class="totop"><a href="#summary">back to summary</a></p>
<h3 id="m17">Test.TestCase14#logout</h3><table class="result"><tr><th>Exception</th></tr><tr><td><div class="stacktrace">java.lang.NullPointerException: Cannot invoke &quot;org.openqa.selenium.WebDriver.close()&quot; because &quot;this.driver&quot; is null
	at Test.TestCase14.logout(TestCase14.java:142)
	at java.base/java.util.ArrayList.forEach(ArrayList.java:1511)
... Removed 37 stack frames</div></td></tr></table><p class="totop"><a href="#summary">back to summary</a></p>
<h3 id="m18">Test.TestCase14#setBrowserConfig</h3><table class="result"><tr><th>Exception</th></tr><tr><td><div class="stacktrace">org.testng.TestNGException: 
Parameter &apos;browser&apos; is required by @Test on method setBrowserConfig but has not been marked @Optional or defined

	at java.base/java.util.ArrayList.forEach(ArrayList.java:1511)
... Removed 36 stack frames</div></td></tr></table><p class="totop"><a href="#summary">back to summary</a></p>
<h3 id="m19">Test.TestCase15#SignUp</h3><table class="result"><tr><th>Exception</th></tr><tr><td><div class="stacktrace">java.lang.NullPointerException: Cannot invoke &quot;org.openqa.selenium.WebDriver.getTitle()&quot; because &quot;this.driver&quot; is null
	at Pages.Login.verifyHomePage(Login.java:118)
	at Test.TestCase15.SignUp(TestCase15.java:68)
	at java.base/java.util.ArrayList.forEach(ArrayList.java:1511)
... Removed 37 stack frames</div></td></tr></table><p class="totop"><a href="#summary">back to summary</a></p>
<h3 id="m20">Test.TestCase15#functional</h3><table class="result"><tr><th>Exception</th></tr><tr><td><div class="stacktrace">java.lang.NullPointerException: Cannot invoke &quot;org.openqa.selenium.WebDriver.findElement(org.openqa.selenium.By)&quot; because &quot;driver1&quot; is null
	at Pages.Reusablecomponents.scrollToElement(Reusablecomponents.java:54)
	at Pages.Dashboard5.scroll(Dashboard5.java:119)
	at Test.TestCase15.functional(TestCase15.java:99)
	at java.base/java.util.ArrayList.forEach(ArrayList.java:1511)
... Removed 37 stack frames</div></td></tr></table><p class="totop"><a href="#summary">back to summary</a></p>
<h3 id="m21">Test.TestCase15#functional2</h3><table class="result"><tr><th>Exception</th></tr><tr><td><div class="stacktrace">java.lang.NullPointerException: Cannot invoke &quot;org.openqa.selenium.WebDriver.findElement(org.openqa.selenium.By)&quot; because &quot;this.driver&quot; is null
	at Pages.Dashboard6.enterPaymentCardName(Dashboard6.java:72)
	at Test.TestCase15.functional2(TestCase15.java:117)
	at java.base/java.util.ArrayList.forEach(ArrayList.java:1511)
... Removed 37 stack frames</div></td></tr></table><p class="totop"><a href="#summary">back to summary</a></p>
<h3 id="m22">Test.TestCase15#logout</h3><table class="result"><tr><th>Exception</th></tr><tr><td><div class="stacktrace">java.lang.NullPointerException: Cannot invoke &quot;org.openqa.selenium.WebDriver.quit()&quot; because &quot;this.driver&quot; is null
	at Test.TestCase15.logout(TestCase15.java:132)
	at java.base/java.util.ArrayList.forEach(ArrayList.java:1511)
... Removed 37 stack frames</div></td></tr></table><p class="totop"><a href="#summary">back to summary</a></p>
<h3 id="m23">Test.TestCase15#setBrowserConfig</h3><table class="result"><tr><th>Exception</th></tr><tr><td><div class="stacktrace">org.testng.TestNGException: 
Parameter &apos;browser&apos; is required by @Test on method setBrowserConfig but has not been marked @Optional or defined

	at java.base/java.util.ArrayList.forEach(ArrayList.java:1511)
... Removed 36 stack frames</div></td></tr></table><p class="totop"><a href="#summary">back to summary</a></p>
<h3 id="m24">Test.TestCase16#SignUp</h3><table class="result"><tr><th>Exception</th></tr><tr><td><div class="stacktrace">java.lang.NullPointerException: Cannot invoke &quot;org.openqa.selenium.WebDriver.getTitle()&quot; because &quot;this.driver&quot; is null
	at Pages.Login.verifyHomePage(Login.java:118)
	at Test.TestCase16.SignUp(TestCase16.java:67)
	at java.base/java.util.ArrayList.forEach(ArrayList.java:1511)
... Removed 37 stack frames</div></td></tr></table><p class="totop"><a href="#summary">back to summary</a></p>
<h3 id="m25">Test.TestCase16#functional</h3><table class="result"><tr><th>Exception</th></tr><tr><td><div class="stacktrace">java.lang.NullPointerException: Cannot invoke &quot;org.openqa.selenium.WebDriver.findElement(org.openqa.selenium.By)&quot; because &quot;driver1&quot; is null
	at Pages.Reusablecomponents.scrollToElement(Reusablecomponents.java:54)
	at Pages.Dashboard5.scroll(Dashboard5.java:119)
	at Test.TestCase16.functional(TestCase16.java:78)
	at java.base/java.util.ArrayList.forEach(ArrayList.java:1511)
... Removed 37 stack frames</div></td></tr></table><p class="totop"><a href="#summary">back to summary</a></p>
<h3 id="m26">Test.TestCase16#functional2</h3><table class="result"><tr><th>Exception</th></tr><tr><td><div class="stacktrace">java.lang.NullPointerException: Cannot invoke &quot;org.openqa.selenium.WebDriver.findElement(org.openqa.selenium.By)&quot; because &quot;this.driver&quot; is null
	at Pages.Dashboard6.enterPaymentCardName(Dashboard6.java:72)
	at Test.TestCase16.functional2(TestCase16.java:96)
	at java.base/java.util.ArrayList.forEach(ArrayList.java:1511)
... Removed 37 stack frames</div></td></tr></table><p class="totop"><a href="#summary">back to summary</a></p>
<h3 id="m27">Test.TestCase16#logout</h3><table class="result"><tr><th>Exception</th></tr><tr><td><div class="stacktrace">java.lang.NullPointerException: Cannot invoke &quot;org.openqa.selenium.WebDriver.quit()&quot; because &quot;this.driver&quot; is null
	at Test.TestCase16.logout(TestCase16.java:111)
	at java.base/java.util.ArrayList.forEach(ArrayList.java:1511)
... Removed 37 stack frames</div></td></tr></table><p class="totop"><a href="#summary">back to summary</a></p>
<h3 id="m28">Test.TestCase16#setBrowserConfig</h3><table class="result"><tr><th>Exception</th></tr><tr><td><div class="stacktrace">org.testng.TestNGException: 
Parameter &apos;browser&apos; is required by @Test on method setBrowserConfig but has not been marked @Optional or defined

	at java.base/java.util.ArrayList.forEach(ArrayList.java:1511)
... Removed 36 stack frames</div></td></tr></table><p class="totop"><a href="#summary">back to summary</a></p>
<h3 id="m29">Test.TestCase17#SignUp</h3><table class="result"><tr><th>Exception</th></tr><tr><td><div class="stacktrace">java.lang.NullPointerException: Cannot invoke &quot;org.openqa.selenium.WebDriver.getTitle()&quot; because &quot;this.driver&quot; is null
	at Pages.Login.verifyHomePage(Login.java:118)
	at Test.TestCase17.SignUp(TestCase17.java:65)
	at java.base/java.util.ArrayList.forEach(ArrayList.java:1511)
... Removed 37 stack frames</div></td></tr></table><p class="totop"><a href="#summary">back to summary</a></p>
<h3 id="m30">Test.TestCase17#logout</h3><table class="result"><tr><th>Exception</th></tr><tr><td><div class="stacktrace">java.lang.NullPointerException: Cannot invoke &quot;org.openqa.selenium.WebDriver.close()&quot; because &quot;this.driver&quot; is null
	at Test.TestCase17.logout(TestCase17.java:91)
	at java.base/java.util.ArrayList.forEach(ArrayList.java:1511)
... Removed 37 stack frames</div></td></tr></table><p class="totop"><a href="#summary">back to summary</a></p>
<h3 id="m31">Test.TestCase17#regression</h3><table class="result"><tr><th>Exception</th></tr><tr><td><div class="stacktrace">java.lang.NullPointerException: Cannot invoke &quot;org.openqa.selenium.WebDriver.getTitle()&quot; because &quot;this.driver&quot; is null
	at Pages.Login.verifyHomePage(Login.java:118)
	at Test.TestCase17.regression(TestCase17.java:76)
	at java.base/java.util.ArrayList.forEach(ArrayList.java:1511)
... Removed 37 stack frames</div></td></tr></table><p class="totop"><a href="#summary">back to summary</a></p>
<h3 id="m32">Test.TestCase17#setBrowserConfig</h3><table class="result"><tr><th>Exception</th></tr><tr><td><div class="stacktrace">org.testng.TestNGException: 
Parameter &apos;browser&apos; is required by @Test on method setBrowserConfig but has not been marked @Optional or defined

	at java.base/java.util.ArrayList.forEach(ArrayList.java:1511)
... Removed 36 stack frames</div></td></tr></table><p class="totop"><a href="#summary">back to summary</a></p>
<h3 id="m33">Test.TestCase18#SignUp</h3><table class="result"><tr><th>Exception</th></tr><tr><td><div class="stacktrace">java.lang.NullPointerException: Cannot invoke &quot;org.openqa.selenium.WebDriver.getTitle()&quot; because &quot;this.driver&quot; is null
	at Pages.Login.verifyHomePage(Login.java:118)
	at Test.TestCase18.SignUp(TestCase18.java:66)
	at java.base/java.util.ArrayList.forEach(ArrayList.java:1511)
... Removed 37 stack frames</div></td></tr></table><p class="totop"><a href="#summary">back to summary</a></p>
<h3 id="m34">Test.TestCase18#logout</h3><table class="result"><tr><th>Exception</th></tr><tr><td><div class="stacktrace">java.lang.NullPointerException: Cannot invoke &quot;org.openqa.selenium.WebDriver.close()&quot; because &quot;this.driver&quot; is null
	at Test.TestCase18.logout(TestCase18.java:95)
	at java.base/java.util.ArrayList.forEach(ArrayList.java:1511)
... Removed 37 stack frames</div></td></tr></table><p class="totop"><a href="#summary">back to summary</a></p>
<h3 id="m35">Test.TestCase18#regression</h3><table class="result"><tr><th>Exception</th></tr><tr><td><div class="stacktrace">java.lang.NullPointerException: Cannot invoke &quot;org.openqa.selenium.WebDriver.findElement(org.openqa.selenium.By)&quot; because &quot;this.driver&quot; is null
	at Pages.Dashboard4.clickOnProducts(Dashboard4.java:112)
	at Test.TestCase18.regression(TestCase18.java:77)
	at java.base/java.util.ArrayList.forEach(ArrayList.java:1511)
... Removed 37 stack frames</div></td></tr></table><p class="totop"><a href="#summary">back to summary</a></p>
<h3 id="m36">Test.TestCase18#setBrowserConfig</h3><table class="result"><tr><th>Exception</th></tr><tr><td><div class="stacktrace">org.testng.TestNGException: 
Parameter &apos;browser&apos; is required by @Test on method setBrowserConfig but has not been marked @Optional or defined

	at java.base/java.util.ArrayList.forEach(ArrayList.java:1511)
... Removed 36 stack frames</div></td></tr></table><p class="totop"><a href="#summary">back to summary</a></p>
<h3 id="m37">Test.TestCase19#logout</h3><table class="result"><tr><th>Exception</th></tr><tr><td><div class="stacktrace">java.lang.NullPointerException: Cannot invoke &quot;org.openqa.selenium.WebDriver.close()&quot; because &quot;this.driver&quot; is null
	at Test.TestCase19.logout(TestCase19.java:77)
	at java.base/java.util.ArrayList.forEach(ArrayList.java:1511)
... Removed 37 stack frames</div></td></tr></table><p class="totop"><a href="#summary">back to summary</a></p>
<h3 id="m38">Test.TestCase19#regression</h3><table class="result"><tr><th>Exception</th></tr><tr><td><div class="stacktrace">java.lang.NullPointerException: Cannot invoke &quot;org.openqa.selenium.WebDriver.findElement(org.openqa.selenium.By)&quot; because &quot;this.driver&quot; is null
	at Pages.Dashboard4.clickOnProducts(Dashboard4.java:112)
	at Test.TestCase19.regression(TestCase19.java:67)
	at java.base/java.util.ArrayList.forEach(ArrayList.java:1511)
... Removed 37 stack frames</div></td></tr></table><p class="totop"><a href="#summary">back to summary</a></p>
<h3 id="m39">Test.TestCase19#setBrowserConfig</h3><table class="result"><tr><th>Exception</th></tr><tr><td><div class="stacktrace">org.testng.TestNGException: 
Parameter &apos;browser&apos; is required by @Test on method setBrowserConfig but has not been marked @Optional or defined

	at java.base/java.util.ArrayList.forEach(ArrayList.java:1511)
... Removed 36 stack frames</div></td></tr></table><p class="totop"><a href="#summary">back to summary</a></p>
<h3 id="m40">Test.TestCase2#logout</h3><table class="result"><tr><th>Exception</th></tr><tr><td><div class="stacktrace">java.lang.NullPointerException: Cannot invoke &quot;org.openqa.selenium.WebDriver.quit()&quot; because &quot;this.driver&quot; is null
	at Test.TestCase2.logout(TestCase2.java:82)
	at java.base/java.util.ArrayList.forEach(ArrayList.java:1511)
... Removed 37 stack frames</div></td></tr></table><p class="totop"><a href="#summary">back to summary</a></p>
<h3 id="m41">Test.TestCase2#regression</h3><table class="result"><tr><th>Exception</th></tr><tr><td><div class="stacktrace">java.lang.NullPointerException: Cannot invoke &quot;org.openqa.selenium.WebDriver.getTitle()&quot; because &quot;this.driver&quot; is null
	at Pages.Login.verifyHomePage(Login.java:118)
	at Test.TestCase2.regression(TestCase2.java:67)
	at java.base/java.util.ArrayList.forEach(ArrayList.java:1511)
... Removed 37 stack frames</div></td></tr></table><p class="totop"><a href="#summary">back to summary</a></p>
<h3 id="m42">Test.TestCase2#setBrowserConfig</h3><table class="result"><tr><th>Exception</th></tr><tr><td><div class="stacktrace">org.testng.TestNGException: 
Parameter &apos;browser&apos; is required by @Test on method setBrowserConfig but has not been marked @Optional or defined

	at java.base/java.util.ArrayList.forEach(ArrayList.java:1511)
... Removed 36 stack frames</div></td></tr></table><p class="totop"><a href="#summary">back to summary</a></p>
<h3 id="m43">Test.TestCase20#logout</h3><table class="result"><tr><th>Exception</th></tr><tr><td><div class="stacktrace">java.lang.NullPointerException: Cannot invoke &quot;org.openqa.selenium.WebDriver.close()&quot; because &quot;this.driver&quot; is null
	at Test.TestCase20.logout(TestCase20.java:98)
	at java.base/java.util.ArrayList.forEach(ArrayList.java:1511)
... Removed 37 stack frames</div></td></tr></table><p class="totop"><a href="#summary">back to summary</a></p>
<h3 id="m44">Test.TestCase20#regression</h3><table class="result"><tr><th>Exception</th></tr><tr><td><div class="stacktrace">java.lang.NullPointerException: Cannot invoke &quot;org.openqa.selenium.WebDriver.findElement(org.openqa.selenium.By)&quot; because &quot;this.driver&quot; is null
	at Pages.Dashboard4.clickOnProducts(Dashboard4.java:112)
	at Test.TestCase20.regression(TestCase20.java:68)
	at java.base/java.util.ArrayList.forEach(ArrayList.java:1511)
... Removed 37 stack frames</div></td></tr></table><p class="totop"><a href="#summary">back to summary</a></p>
<h3 id="m45">Test.TestCase20#regression1</h3><table class="result"><tr><th>Exception</th></tr><tr><td><div class="stacktrace">java.lang.NullPointerException: Cannot invoke &quot;org.openqa.selenium.WebDriver.findElement(org.openqa.selenium.By)&quot; because &quot;this.driver&quot; is null
	at Pages.Login.clickOnSignIn(Login.java:131)
	at Test.TestCase20.regression1(TestCase20.java:87)
	at java.base/java.util.ArrayList.forEach(ArrayList.java:1511)
... Removed 37 stack frames</div></td></tr></table><p class="totop"><a href="#summary">back to summary</a></p>
<h3 id="m46">Test.TestCase20#setBrowserConfig</h3><table class="result"><tr><th>Exception</th></tr><tr><td><div class="stacktrace">org.testng.TestNGException: 
Parameter &apos;browser&apos; is required by @Test on method setBrowserConfig but has not been marked @Optional or defined

	at java.base/java.util.ArrayList.forEach(ArrayList.java:1511)
... Removed 36 stack frames</div></td></tr></table><p class="totop"><a href="#summary">back to summary</a></p>
<h3 id="m47">Test.TestCase21#logout</h3><table class="result"><tr><th>Exception</th></tr><tr><td><div class="stacktrace">java.lang.NullPointerException: Cannot invoke &quot;org.openqa.selenium.WebDriver.close()&quot; because &quot;this.driver&quot; is null
	at Test.TestCase21.logout(TestCase21.java:80)
	at java.base/java.util.ArrayList.forEach(ArrayList.java:1511)
... Removed 37 stack frames</div></td></tr></table><p class="totop"><a href="#summary">back to summary</a></p>
<h3 id="m48">Test.TestCase21#regression</h3><table class="result"><tr><th>Exception</th></tr><tr><td><div class="stacktrace">java.lang.NullPointerException: Cannot invoke &quot;org.openqa.selenium.WebDriver.findElement(org.openqa.selenium.By)&quot; because &quot;this.driver&quot; is null
	at Pages.Dashboard4.clickOnProducts(Dashboard4.java:112)
	at Test.TestCase21.regression(TestCase21.java:65)
	at java.base/java.util.ArrayList.forEach(ArrayList.java:1511)
... Removed 37 stack frames</div></td></tr></table><p class="totop"><a href="#summary">back to summary</a></p>
<h3 id="m49">Test.TestCase21#setBrowserConfig</h3><table class="result"><tr><th>Exception</th></tr><tr><td><div class="stacktrace">org.testng.TestNGException: 
Parameter &apos;browser&apos; is required by @Test on method setBrowserConfig but has not been marked @Optional or defined

	at java.base/java.util.ArrayList.forEach(ArrayList.java:1511)
... Removed 36 stack frames</div></td></tr></table><p class="totop"><a href="#summary">back to summary</a></p>
<h3 id="m50">Test.TestCase22#logout</h3><table class="result"><tr><th>Exception</th></tr><tr><td><div class="stacktrace">java.lang.NullPointerException: Cannot invoke &quot;org.openqa.selenium.WebDriver.close()&quot; because &quot;this.driver&quot; is null
	at Test.TestCase22.logout(TestCase22.java:76)
	at java.base/java.util.ArrayList.forEach(ArrayList.java:1511)
... Removed 37 stack frames</div></td></tr></table><p class="totop"><a href="#summary">back to summary</a></p>
<h3 id="m51">Test.TestCase22#regression</h3><table class="result"><tr><th>Exception</th></tr><tr><td><div class="stacktrace">java.lang.NullPointerException: Cannot invoke &quot;org.openqa.selenium.WebDriver.findElement(org.openqa.selenium.By)&quot; because &quot;this.driver&quot; is null
	at Pages.Dashboard4.scrollToFooter(Dashboard4.java:310)
	at Test.TestCase22.regression(TestCase22.java:65)
	at java.base/java.util.ArrayList.forEach(ArrayList.java:1511)
... Removed 37 stack frames</div></td></tr></table><p class="totop"><a href="#summary">back to summary</a></p>
<h3 id="m52">Test.TestCase22#setBrowserConfig</h3><table class="result"><tr><th>Exception</th></tr><tr><td><div class="stacktrace">org.testng.TestNGException: 
Parameter &apos;browser&apos; is required by @Test on method setBrowserConfig but has not been marked @Optional or defined

	at java.base/java.util.ArrayList.forEach(ArrayList.java:1511)
... Removed 36 stack frames</div></td></tr></table><p class="totop"><a href="#summary">back to summary</a></p>
<h3 id="m53">Test.TestCase24#logout</h3><table class="result"><tr><th>Exception</th></tr><tr><td><div class="stacktrace">java.lang.NullPointerException: Cannot invoke &quot;org.openqa.selenium.WebDriver.close()&quot; because &quot;this.driver&quot; is null
	at Test.TestCase24.logout(TestCase24.java:145)
	at java.base/java.util.ArrayList.forEach(ArrayList.java:1511)
... Removed 37 stack frames</div></td></tr></table><p class="totop"><a href="#summary">back to summary</a></p>
<h3 id="m54">Test.TestCase24#regression</h3><table class="result"><tr><th>Exception</th></tr><tr><td><div class="stacktrace">java.lang.NullPointerException: Cannot invoke &quot;org.openqa.selenium.WebDriver.getTitle()&quot; because &quot;this.driver&quot; is null
	at Pages.Login.verifyHomePage(Login.java:118)
	at Test.TestCase24.regression(TestCase24.java:69)
	at java.base/java.util.ArrayList.forEach(ArrayList.java:1511)
... Removed 37 stack frames</div></td></tr></table><p class="totop"><a href="#summary">back to summary</a></p>
<h3 id="m55">Test.TestCase24#regression1</h3><table class="result"><tr><th>Exception</th></tr><tr><td><div class="stacktrace">java.lang.NullPointerException: Cannot invoke &quot;org.openqa.selenium.WebDriver.findElement(org.openqa.selenium.By)&quot; because &quot;this.driver&quot; is null
	at Pages.Login.clickOnSignIn(Login.java:131)
	at Test.TestCase24.regression1(TestCase24.java:83)
	at java.base/java.util.ArrayList.forEach(ArrayList.java:1511)
... Removed 37 stack frames</div></td></tr></table><p class="totop"><a href="#summary">back to summary</a></p>
<h3 id="m56">Test.TestCase24#regression2</h3><table class="result"><tr><th>Exception</th></tr><tr><td><div class="stacktrace">java.lang.NullPointerException: Cannot invoke &quot;org.openqa.selenium.WebDriver.findElements(org.openqa.selenium.By)&quot; because &quot;driver&quot; is null
	at org.openqa.selenium.support.ui.ExpectedConditions$11.apply(ExpectedConditions.java:318)
	at org.openqa.selenium.support.ui.ExpectedConditions$11.apply(ExpectedConditions.java:315)
	at org.openqa.selenium.support.ui.FluentWait.until(FluentWait.java:203)
	at Pages.Dashboard2.verifyAccountCreated(Dashboard2.java:114)
	at Test.TestCase24.regression2(TestCase24.java:111)
	at java.base/java.util.ArrayList.forEach(ArrayList.java:1511)
... Removed 37 stack frames</div></td></tr></table><p class="totop"><a href="#summary">back to summary</a></p>
<h3 id="m57">Test.TestCase24#regression3</h3><table class="result"><tr><th>Exception</th></tr><tr><td><div class="stacktrace">java.lang.NullPointerException: Cannot invoke &quot;org.openqa.selenium.WebDriver.findElement(org.openqa.selenium.By)&quot; because &quot;this.driver&quot; is null
	at Pages.Dashboard6.enterPaymentCardName(Dashboard6.java:72)
	at Test.TestCase24.regression3(TestCase24.java:130)
	at java.base/java.util.ArrayList.forEach(ArrayList.java:1511)
... Removed 37 stack frames</div></td></tr></table><p class="totop"><a href="#summary">back to summary</a></p>
<h3 id="m58">Test.TestCase24#setBrowserConfig</h3><table class="result"><tr><th>Exception</th></tr><tr><td><div class="stacktrace">org.testng.TestNGException: 
Parameter &apos;browser&apos; is required by @Test on method setBrowserConfig but has not been marked @Optional or defined

	at java.base/java.util.ArrayList.forEach(ArrayList.java:1511)
... Removed 36 stack frames</div></td></tr></table><p class="totop"><a href="#summary">back to summary</a></p>
<h3 id="m59">Test.TestCase25#logout</h3><table class="result"><tr><th>Exception</th></tr><tr><td><div class="stacktrace">java.lang.NullPointerException: Cannot invoke &quot;org.openqa.selenium.WebDriver.close()&quot; because &quot;this.driver&quot; is null
	at Test.TestCase25.logout(TestCase25.java:80)
	at java.base/java.util.ArrayList.forEach(ArrayList.java:1511)
... Removed 37 stack frames</div></td></tr></table><p class="totop"><a href="#summary">back to summary</a></p>
<h3 id="m60">Test.TestCase25#regression</h3><table class="result"><tr><th>Exception</th></tr><tr><td><div class="stacktrace">java.lang.NullPointerException: Cannot invoke &quot;org.openqa.selenium.WebDriver.getTitle()&quot; because &quot;this.driver&quot; is null
	at Pages.Login.verifyHomePage(Login.java:118)
	at Test.TestCase25.regression(TestCase25.java:67)
	at java.base/java.util.ArrayList.forEach(ArrayList.java:1511)
... Removed 37 stack frames</div></td></tr></table><p class="totop"><a href="#summary">back to summary</a></p>
<h3 id="m61">Test.TestCase25#setBrowserConfig</h3><table class="result"><tr><th>Exception</th></tr><tr><td><div class="stacktrace">org.testng.TestNGException: 
Parameter &apos;browser&apos; is required by @Test on method setBrowserConfig but has not been marked @Optional or defined

	at java.base/java.util.ArrayList.forEach(ArrayList.java:1511)
... Removed 36 stack frames</div></td></tr></table><p class="totop"><a href="#summary">back to summary</a></p>
<h3 id="m62">Test.TestCase26#logout</h3><table class="result"><tr><th>Exception</th></tr><tr><td><div class="stacktrace">java.lang.NullPointerException: Cannot invoke &quot;org.openqa.selenium.WebDriver.close()&quot; because &quot;this.driver&quot; is null
	at Test.TestCase26.logout(TestCase26.java:81)
	at java.base/java.util.ArrayList.forEach(ArrayList.java:1511)
... Removed 37 stack frames</div></td></tr></table><p class="totop"><a href="#summary">back to summary</a></p>
<h3 id="m63">Test.TestCase26#regression</h3><table class="result"><tr><th>Exception</th></tr><tr><td><div class="stacktrace">java.lang.NullPointerException: Cannot invoke &quot;org.openqa.selenium.WebDriver.getTitle()&quot; because &quot;this.driver&quot; is null
	at Pages.Login.verifyHomePage(Login.java:118)
	at Test.TestCase26.regression(TestCase26.java:67)
	at java.base/java.util.ArrayList.forEach(ArrayList.java:1511)
... Removed 37 stack frames</div></td></tr></table><p class="totop"><a href="#summary">back to summary</a></p>
<h3 id="m64">Test.TestCase26#setBrowserConfig</h3><table class="result"><tr><th>Exception</th></tr><tr><td><div class="stacktrace">org.testng.TestNGException: 
Parameter &apos;browser&apos; is required by @Test on method setBrowserConfig but has not been marked @Optional or defined

	at java.base/java.util.ArrayList.forEach(ArrayList.java:1511)
... Removed 36 stack frames</div></td></tr></table><p class="totop"><a href="#summary">back to summary</a></p>
<h3 id="m65">Test.TestCase27#logout</h3><table class="result"><tr><th>Exception</th></tr><tr><td><div class="stacktrace">java.lang.NullPointerException: Cannot invoke &quot;org.openqa.selenium.WebDriver.close()&quot; because &quot;this.driver&quot; is null
	at Test.TestCase27.logout(TestCase27.java:76)
	at java.base/java.util.ArrayList.forEach(ArrayList.java:1511)
... Removed 37 stack frames</div></td></tr></table><p class="totop"><a href="#summary">back to summary</a></p>
<h3 id="m66">Test.TestCase27#regression</h3><table class="result"><tr><th>Exception</th></tr><tr><td><div class="stacktrace">java.lang.NullPointerException: Cannot invoke &quot;org.openqa.selenium.WebDriver.findElement(org.openqa.selenium.By)&quot; because &quot;this.driver&quot; is null
	at Pages.Dashboard4.scrollToFooter(Dashboard4.java:310)
	at Test.TestCase27.regression(TestCase27.java:65)
	at java.base/java.util.ArrayList.forEach(ArrayList.java:1511)
... Removed 37 stack frames</div></td></tr></table><p class="totop"><a href="#summary">back to summary</a></p>
<h3 id="m67">Test.TestCase27#setBrowserConfig</h3><table class="result"><tr><th>Exception</th></tr><tr><td><div class="stacktrace">org.testng.TestNGException: 
Parameter &apos;browser&apos; is required by @Test on method setBrowserConfig but has not been marked @Optional or defined

	at java.base/java.util.ArrayList.forEach(ArrayList.java:1511)
... Removed 36 stack frames</div></td></tr></table><p class="totop"><a href="#summary">back to summary</a></p>
<h3 id="m68">Test.TestCase3#logout</h3><table class="result"><tr><th>Exception</th></tr><tr><td><div class="stacktrace">java.lang.NullPointerException: Cannot invoke &quot;org.openqa.selenium.WebDriver.quit()&quot; because &quot;this.driver&quot; is null
	at Test.TestCase3.logout(TestCase3.java:78)
	at java.base/java.util.ArrayList.forEach(ArrayList.java:1511)
... Removed 37 stack frames</div></td></tr></table><p class="totop"><a href="#summary">back to summary</a></p>
<h3 id="m69">Test.TestCase3#regression</h3><table class="result"><tr><th>Exception</th></tr><tr><td><div class="stacktrace">java.lang.NullPointerException: Cannot invoke &quot;org.openqa.selenium.WebDriver.getTitle()&quot; because &quot;this.driver&quot; is null
	at Pages.Login.verifyHomePage(Login.java:118)
	at Test.TestCase3.regression(TestCase3.java:67)
	at java.base/java.util.ArrayList.forEach(ArrayList.java:1511)
... Removed 37 stack frames</div></td></tr></table><p class="totop"><a href="#summary">back to summary</a></p>
<h3 id="m70">Test.TestCase3#setBrowserConfig</h3><table class="result"><tr><th>Exception</th></tr><tr><td><div class="stacktrace">org.testng.TestNGException: 
Parameter &apos;browser&apos; is required by @Test on method setBrowserConfig but has not been marked @Optional or defined

	at java.base/java.util.ArrayList.forEach(ArrayList.java:1511)
... Removed 36 stack frames</div></td></tr></table><p class="totop"><a href="#summary">back to summary</a></p>
<h3 id="m71">Test.TestCase4#logout</h3><table class="result"><tr><th>Exception</th></tr><tr><td><div class="stacktrace">java.lang.NullPointerException: Cannot invoke &quot;org.openqa.selenium.WebDriver.quit()&quot; because &quot;this.driver&quot; is null
	at Test.TestCase4.logout(TestCase4.java:79)
	at java.base/java.util.ArrayList.forEach(ArrayList.java:1511)
... Removed 37 stack frames</div></td></tr></table><p class="totop"><a href="#summary">back to summary</a></p>
<h3 id="m72">Test.TestCase4#regression</h3><table class="result"><tr><th>Exception</th></tr><tr><td><div class="stacktrace">java.lang.NullPointerException: Cannot invoke &quot;org.openqa.selenium.WebDriver.getTitle()&quot; because &quot;this.driver&quot; is null
	at Pages.Login.verifyHomePage(Login.java:118)
	at Test.TestCase4.regression(TestCase4.java:66)
	at java.base/java.util.ArrayList.forEach(ArrayList.java:1511)
... Removed 37 stack frames</div></td></tr></table><p class="totop"><a href="#summary">back to summary</a></p>
<h3 id="m73">Test.TestCase4#setBrowserConfig</h3><table class="result"><tr><th>Exception</th></tr><tr><td><div class="stacktrace">org.testng.TestNGException: 
Parameter &apos;browser&apos; is required by @Test on method setBrowserConfig but has not been marked @Optional or defined

	at java.base/java.util.ArrayList.forEach(ArrayList.java:1511)
... Removed 36 stack frames</div></td></tr></table><p class="totop"><a href="#summary">back to summary</a></p>
<h3 id="m74">Test.TestCase5#logout</h3><table class="result"><tr><th>Exception</th></tr><tr><td><div class="stacktrace">java.lang.NullPointerException: Cannot invoke &quot;org.openqa.selenium.WebDriver.quit()&quot; because &quot;this.driver&quot; is null
	at Test.TestCase5.logout(TestCase5.java:77)
	at java.base/java.util.ArrayList.forEach(ArrayList.java:1511)
... Removed 37 stack frames</div></td></tr></table><p class="totop"><a href="#summary">back to summary</a></p>
<h3 id="m75">Test.TestCase5#regression</h3><table class="result"><tr><th>Exception</th></tr><tr><td><div class="stacktrace">java.lang.NullPointerException: Cannot invoke &quot;org.openqa.selenium.WebDriver.getTitle()&quot; because &quot;this.driver&quot; is null
	at Pages.Login.verifyHomePage(Login.java:118)
	at Test.TestCase5.regression(TestCase5.java:66)
	at java.base/java.util.ArrayList.forEach(ArrayList.java:1511)
... Removed 37 stack frames</div></td></tr></table><p class="totop"><a href="#summary">back to summary</a></p>
<h3 id="m76">Test.TestCase5#setBrowserConfig</h3><table class="result"><tr><th>Exception</th></tr><tr><td><div class="stacktrace">org.testng.TestNGException: 
Parameter &apos;browser&apos; is required by @Test on method setBrowserConfig but has not been marked @Optional or defined

	at java.base/java.util.ArrayList.forEach(ArrayList.java:1511)
... Removed 36 stack frames</div></td></tr></table><p class="totop"><a href="#summary">back to summary</a></p>
<h3 id="m77">Test.TestCase6#logout</h3><table class="result"><tr><th>Exception</th></tr><tr><td><div class="stacktrace">java.lang.NullPointerException: Cannot invoke &quot;org.openqa.selenium.WebDriver.quit()&quot; because &quot;this.driver&quot; is null
	at Test.TestCase6.logout(TestCase6.java:86)
	at java.base/java.util.ArrayList.forEach(ArrayList.java:1511)
... Removed 37 stack frames</div></td></tr></table><p class="totop"><a href="#summary">back to summary</a></p>
<h3 id="m78">Test.TestCase6#regression</h3><table class="result"><tr><th>Exception</th></tr><tr><td><div class="stacktrace">java.lang.NullPointerException: Cannot invoke &quot;org.openqa.selenium.WebDriver.getTitle()&quot; because &quot;this.driver&quot; is null
	at Pages.Login.verifyHomePage(Login.java:118)
	at Test.TestCase6.regression(TestCase6.java:67)
	at java.base/java.util.ArrayList.forEach(ArrayList.java:1511)
... Removed 37 stack frames</div></td></tr></table><p class="totop"><a href="#summary">back to summary</a></p>
<h3 id="m79">Test.TestCase6#setBrowserConfig</h3><table class="result"><tr><th>Exception</th></tr><tr><td><div class="stacktrace">org.testng.TestNGException: 
Parameter &apos;browser&apos; is required by @Test on method setBrowserConfig but has not been marked @Optional or defined

	at java.base/java.util.ArrayList.forEach(ArrayList.java:1511)
... Removed 36 stack frames</div></td></tr></table><p class="totop"><a href="#summary">back to summary</a></p>
<h3 id="m80">Test.TestCase7#logout</h3><table class="result"><tr><th>Exception</th></tr><tr><td><div class="stacktrace">java.lang.NullPointerException: Cannot invoke &quot;org.openqa.selenium.WebDriver.quit()&quot; because &quot;this.driver&quot; is null
	at Test.TestCase7.logout(TestCase7.java:74)
	at java.base/java.util.ArrayList.forEach(ArrayList.java:1511)
... Removed 37 stack frames</div></td></tr></table><p class="totop"><a href="#summary">back to summary</a></p>
<h3 id="m81">Test.TestCase7#regression</h3><table class="result"><tr><th>Exception</th></tr><tr><td><div class="stacktrace">java.lang.NullPointerException: Cannot invoke &quot;org.openqa.selenium.WebDriver.getTitle()&quot; because &quot;this.driver&quot; is null
	at Pages.Login.verifyHomePage(Login.java:118)
	at Test.TestCase7.regression(TestCase7.java:67)
	at java.base/java.util.ArrayList.forEach(ArrayList.java:1511)
... Removed 37 stack frames</div></td></tr></table><p class="totop"><a href="#summary">back to summary</a></p>
<h3 id="m82">Test.TestCase7#setBrowserConfig</h3><table class="result"><tr><th>Exception</th></tr><tr><td><div class="stacktrace">org.testng.TestNGException: 
Parameter &apos;browser&apos; is required by @Test on method setBrowserConfig but has not been marked @Optional or defined

	at java.base/java.util.ArrayList.forEach(ArrayList.java:1511)
... Removed 36 stack frames</div></td></tr></table><p class="totop"><a href="#summary">back to summary</a></p>
<h3 id="m83">Test.TestCase8#logout</h3><table class="result"><tr><th>Exception</th></tr><tr><td><div class="stacktrace">java.lang.NullPointerException: Cannot invoke &quot;org.openqa.selenium.WebDriver.quit()&quot; because &quot;this.driver&quot; is null
	at Test.TestCase8.logout(TestCase8.java:81)
	at java.base/java.util.ArrayList.forEach(ArrayList.java:1511)
... Removed 37 stack frames</div></td></tr></table><p class="totop"><a href="#summary">back to summary</a></p>
<h3 id="m84">Test.TestCase8#regression</h3><table class="result"><tr><th>Exception</th></tr><tr><td><div class="stacktrace">java.lang.NullPointerException: Cannot invoke &quot;org.openqa.selenium.WebDriver.getTitle()&quot; because &quot;this.driver&quot; is null
	at Pages.Login.verifyHomePage(Login.java:118)
	at Test.TestCase8.regression(TestCase8.java:67)
	at java.base/java.util.ArrayList.forEach(ArrayList.java:1511)
... Removed 37 stack frames</div></td></tr></table><p class="totop"><a href="#summary">back to summary</a></p>
<h3 id="m85">Test.TestCase8#setBrowserConfig</h3><table class="result"><tr><th>Exception</th></tr><tr><td><div class="stacktrace">org.testng.TestNGException: 
Parameter &apos;browser&apos; is required by @Test on method setBrowserConfig but has not been marked @Optional or defined

	at java.base/java.util.ArrayList.forEach(ArrayList.java:1511)
... Removed 36 stack frames</div></td></tr></table><p class="totop"><a href="#summary">back to summary</a></p>
<h3 id="m86">Test.TestCase9#logout</h3><table class="result"><tr><th>Exception</th></tr><tr><td><div class="stacktrace">java.lang.NullPointerException: Cannot invoke &quot;org.openqa.selenium.WebDriver.close()&quot; because &quot;this.driver&quot; is null
	at Test.TestCase9.logout(TestCase9.java:82)
	at java.base/java.util.ArrayList.forEach(ArrayList.java:1511)
... Removed 37 stack frames</div></td></tr></table><p class="totop"><a href="#summary">back to summary</a></p>
<h3 id="m87">Test.TestCase9#regression</h3><table class="result"><tr><th>Exception</th></tr><tr><td><div class="stacktrace">java.lang.NullPointerException: Cannot invoke &quot;org.openqa.selenium.WebDriver.getTitle()&quot; because &quot;this.driver&quot; is null
	at Pages.Login.verifyHomePage(Login.java:118)
	at Test.TestCase9.regression(TestCase9.java:67)
	at java.base/java.util.ArrayList.forEach(ArrayList.java:1511)
... Removed 37 stack frames</div></td></tr></table><p class="totop"><a href="#summary">back to summary</a></p>
<h3 id="m88">Test.TestCase9#setBrowserConfig</h3><table class="result"><tr><th>Exception</th></tr><tr><td><div class="stacktrace">org.testng.TestNGException: 
Parameter &apos;browser&apos; is required by @Test on method setBrowserConfig but has not been marked @Optional or defined

	at java.base/java.util.ArrayList.forEach(ArrayList.java:1511)
... Removed 36 stack frames</div></td></tr></table><p class="totop"><a href="#summary">back to summary</a></p>
</body>
</html>
